<?xml version="1.0" encoding="UTF-8"?>
<!-- Generated by org.testng.reporters.JUnitReportReporter -->
<testsuite hostname="Sarabdeeps-MBP" failures="0" tests="2" name="com.RealCarWala.Tests.VerifyFindNewCars" time="12.001" errors="0" timestamp="2023-10-04T23:45:12 CEST" skipped="0">
  <testcase classname="com.RealCarWala.Tests.VerifyFindNewCars" name="openMahindraPage" time="5.404"/>
  <testcase classname="com.RealCarWala.Tests.VerifyFindNewCars" name="openPage" time="6.597"/>
</testsuite> <!-- com.RealCarWala.Tests.VerifyFindNewCars -->
