<?xml version="1.0" encoding="UTF-8"?>
<!-- Generated by org.testng.reporters.JUnitReportReporter -->
<testsuite hostname="Sarabdeeps-MBP" failures="0" tests="2" name="com.RealCarWala.Tests.VerifyFindNewCars" time="10.380" errors="0" timestamp="2023-10-05T00:25:16 CEST" skipped="0">
  <testcase classname="com.RealCarWala.Tests.VerifyFindNewCars" name="openMahindraPage" time="5.301"/>
  <testcase classname="com.RealCarWala.Tests.VerifyFindNewCars" name="openPage" time="5.079"/>
</testsuite> <!-- com.RealCarWala.Tests.VerifyFindNewCars -->
