<?xml version="1.0" encoding="UTF-8"?>
<!-- Generated by org.testng.reporters.JUnitReportReporter -->
<testsuite hostname="Sarabdeeps-MBP" failures="0" tests="1" name="com.RealCarWala.Tests.VerifySearchingCars" time="9.219" errors="0" timestamp="2023-10-04T15:21:09 CEST" skipped="0">
  <testcase classname="com.RealCarWala.Tests.VerifySearchingCars" name="searchUsedCars" time="9.219"/>
</testsuite> <!-- com.RealCarWala.Tests.VerifySearchingCars -->
