<?xml version="1.0" encoding="UTF-8"?>
<!-- Generated by org.testng.reporters.JUnitReportReporter -->
<testsuite hostname="Sarabdeeps-MBP" failures="0" tests="1" name="com.RealCarWala.Tests.VerifySearchingCars" time="8.414" errors="0" timestamp="2023-10-05T00:17:06 CEST" skipped="0">
  <testcase classname="com.RealCarWala.Tests.VerifySearchingCars" name="searchUsedCars" time="8.414"/>
</testsuite> <!-- com.RealCarWala.Tests.VerifySearchingCars -->
