<?xml version="1.0" encoding="UTF-8"?>
<!-- Generated by org.testng.reporters.JUnitReportReporter -->
<testsuite hostname="Sarabdeeps-MBP" failures="0" tests="1" name="com.RealCarWala.Tests.VerifySearchingCars" time="11.428" errors="0" timestamp="2023-10-04T23:05:08 CEST" skipped="0">
  <testcase classname="com.RealCarWala.Tests.VerifySearchingCars" name="searchUsedCars" time="11.428"/>
</testsuite> <!-- com.RealCarWala.Tests.VerifySearchingCars -->
